Mono path[0] = '/Users/dev/Maze gen/Builds/Maze_seeded2.app/Contents/Resources/Data/Managed'
Mono config path = '/Users/dev/Maze gen/Builds/Maze_seeded2.app/Contents/MonoBleedingEdge/etc'
Found 1 interfaces on host : 0) 10.254.49.248
Player connection [140704602396288]  Target information:

Player connection [140704602396288]  * "[IP] 10.254.49.248 [Port] 55000 [Flags] 2 [Guid] 1202323594 [EditorId] 1764491206 [Version] 1048832 [Id] OSXPlayer(1,ASCMAC416.local) [Debug] 0 [PackageName] OSXPlayer [ProjectName] Maze gen" 

Player connection [140704602396288] Started UDP target info broadcast (1) on [225.0.0.222:54997].

Input System module state changed to: Initialized.
[Physics::Module] Initialized fallback backend.
[Physics::Module] Id: 0xdecafbad
Initialize engine version: 6000.0.36f1 (9fe3b5f71dbb)
[Subsystems] Discovering subsystems at path /Users/dev/Maze gen/Builds/Maze_seeded2.app/Contents/Resources/Data/UnitySubsystems
GfxDevice: creating device client; kGfxThreadingModeThreaded
Color LCD preferred device: AMD Radeon Pro 5500M (high power)
Metal devices available: 2
0: AMD Radeon Pro 5500M (high power)
1: Intel(R) UHD Graphics 630 (low power)
Using device AMD Radeon Pro 5500M (high power)
Initializing Metal device caps: AMD Radeon Pro 5500M
Begin MonoManager ReloadAssembly
Symbol file LoadedFromMemory is not a mono symbol file
- Loaded All Assemblies, in  5.460 seconds
- Finished resetting the current domain, in  0.004 seconds
[Physics::Module] Selected backend.
[Physics::Module] Name: PhysX
[Physics::Module] Id: 0xf2b8ea05
[Physics::Module] SDK Version: 4.1.2
[Physics::Module] Integration Version: 1.0.0
[Physics::Module] Threading Mode: Multi-Threaded
2025-03-13 23:53:30.762 Maze gen[87066:3639393] +[IMKClient subclass]: chose IMKClient_Legacy
2025-03-13 23:53:30.762 Maze gen[87066:3639393] +[IMKInputSession subclass]: chose IMKInputSession_Legacy
UnloadTime: 1.083814 ms
Registered Communicator in Agent.
UnityEngine.Debug:ExtractStackTraceNoAlloc (byte*,int,string)
UnityEngine.StackTraceUtility:ExtractStackTrace () (at /Users/bokken/build/output/unity/unity/Runtime/Export/Scripting/StackTrace.cs:37)
UnityEngine.DebugLogHandler:Internal_Log (UnityEngine.LogType,UnityEngine.LogOption,string,UnityEngine.Object)
UnityEngine.DebugLogHandler:LogFormat (UnityEngine.LogType,UnityEngine.Object,string,object[])
UnityEngine.Logger:Log (UnityEngine.LogType,object)
UnityEngine.Debug:Log (object)
Unity.MLAgents.Agent:Awake () (at ./Library/PackageCache/com.unity.ml-agents@2b4ded88494d/Runtime/Agent.cs:383)

(Filename: ./Library/PackageCache/com.unity.ml-agents@2b4ded88494d/Runtime/Agent.cs Line: 383)

Initialised
UnityEngine.Debug:ExtractStackTraceNoAlloc (byte*,int,string)
UnityEngine.StackTraceUtility:ExtractStackTrace () (at /Users/bokken/build/output/unity/unity/Runtime/Export/Scripting/StackTrace.cs:37)
UnityEngine.DebugLogHandler:Internal_Log (UnityEngine.LogType,UnityEngine.LogOption,string,UnityEngine.Object)
UnityEngine.DebugLogHandler:LogFormat (UnityEngine.LogType,UnityEngine.Object,string,object[])
UnityEngine.Logger:Log (UnityEngine.LogType,object)
UnityEngine.Debug:Log (object)
RLAgents:Initialize () (at /Users/dev/Maze gen/Assets/Resources/Scripts/RLAgents.cs:44)
Unity.MLAgents.Agent:LazyInitialize () (at ./Library/PackageCache/com.unity.ml-agents@2b4ded88494d/Runtime/Agent.cs:508)
Unity.MLAgents.Agent:OnEnable () (at ./Library/PackageCache/com.unity.ml-agents@2b4ded88494d/Runtime/Agent.cs:409)

(Filename: /Users/dev/Maze gen/Assets/Resources/Scripts/RLAgents.cs Line: 44)

Initialised
UnityEngine.Debug:ExtractStackTraceNoAlloc (byte*,int,string)
UnityEngine.StackTraceUtility:ExtractStackTrace () (at /Users/bokken/build/output/unity/unity/Runtime/Export/Scripting/StackTrace.cs:37)
UnityEngine.DebugLogHandler:Internal_Log (UnityEngine.LogType,UnityEngine.LogOption,string,UnityEngine.Object)
UnityEngine.DebugLogHandler:LogFormat (UnityEngine.LogType,UnityEngine.Object,string,object[])
UnityEngine.Logger:Log (UnityEngine.LogType,object)
UnityEngine.Debug:Log (object)
RLAgents:Initialize () (at /Users/dev/Maze gen/Assets/Resources/Scripts/RLAgents.cs:44)
Unity.MLAgents.Agent:LazyInitialize () (at ./Library/PackageCache/com.unity.ml-agents@2b4ded88494d/Runtime/Agent.cs:508)
Unity.MLAgents.Agent:OnEnable () (at ./Library/PackageCache/com.unity.ml-agents@2b4ded88494d/Runtime/Agent.cs:409)

(Filename: /Users/dev/Maze gen/Assets/Resources/Scripts/RLAgents.cs Line: 44)

Initialised
UnityEngine.Debug:ExtractStackTraceNoAlloc (byte*,int,string)
UnityEngine.StackTraceUtility:ExtractStackTrace () (at /Users/bokken/build/output/unity/unity/Runtime/Export/Scripting/StackTrace.cs:37)
UnityEngine.DebugLogHandler:Internal_Log (UnityEngine.LogType,UnityEngine.LogOption,string,UnityEngine.Object)
UnityEngine.DebugLogHandler:LogFormat (UnityEngine.LogType,UnityEngine.Object,string,object[])
UnityEngine.Logger:Log (UnityEngine.LogType,object)
UnityEngine.Debug:Log (object)
RLAgents:Initialize () (at /Users/dev/Maze gen/Assets/Resources/Scripts/RLAgents.cs:44)
Unity.MLAgents.Agent:LazyInitialize () (at ./Library/PackageCache/com.unity.ml-agents@2b4ded88494d/Runtime/Agent.cs:508)
Unity.MLAgents.Agent:OnEnable () (at ./Library/PackageCache/com.unity.ml-agents@2b4ded88494d/Runtime/Agent.cs:409)

(Filename: /Users/dev/Maze gen/Assets/Resources/Scripts/RLAgents.cs Line: 44)

Initialised
UnityEngine.Debug:ExtractStackTraceNoAlloc (byte*,int,string)
UnityEngine.StackTraceUtility:ExtractStackTrace () (at /Users/bokken/build/output/unity/unity/Runtime/Export/Scripting/StackTrace.cs:37)
UnityEngine.DebugLogHandler:Internal_Log (UnityEngine.LogType,UnityEngine.LogOption,string,UnityEngine.Object)
UnityEngine.DebugLogHandler:LogFormat (UnityEngine.LogType,UnityEngine.Object,string,object[])
UnityEngine.Logger:Log (UnityEngine.LogType,object)
UnityEngine.Debug:Log (object)
RLAgents:Initialize () (at /Users/dev/Maze gen/Assets/Resources/Scripts/RLAgents.cs:44)
Unity.MLAgents.Agent:LazyInitialize () (at ./Library/PackageCache/com.unity.ml-agents@2b4ded88494d/Runtime/Agent.cs:508)
Unity.MLAgents.Agent:OnEnable () (at ./Library/PackageCache/com.unity.ml-agents@2b4ded88494d/Runtime/Agent.cs:409)

(Filename: /Users/dev/Maze gen/Assets/Resources/Scripts/RLAgents.cs Line: 44)

Initialised
UnityEngine.Debug:ExtractStackTraceNoAlloc (byte*,int,string)
UnityEngine.StackTraceUtility:ExtractStackTrace () (at /Users/bokken/build/output/unity/unity/Runtime/Export/Scripting/StackTrace.cs:37)
UnityEngine.DebugLogHandler:Internal_Log (UnityEngine.LogType,UnityEngine.LogOption,string,UnityEngine.Object)
UnityEngine.DebugLogHandler:LogFormat (UnityEngine.LogType,UnityEngine.Object,string,object[])
UnityEngine.Logger:Log (UnityEngine.LogType,object)
UnityEngine.Debug:Log (object)
RLAgents:Initialize () (at /Users/dev/Maze gen/Assets/Resources/Scripts/RLAgents.cs:44)
Unity.MLAgents.Agent:LazyInitialize () (at ./Library/PackageCache/com.unity.ml-agents@2b4ded88494d/Runtime/Agent.cs:508)
Unity.MLAgents.Agent:OnEnable () (at ./Library/PackageCache/com.unity.ml-agents@2b4ded88494d/Runtime/Agent.cs:409)

(Filename: /Users/dev/Maze gen/Assets/Resources/Scripts/RLAgents.cs Line: 44)

Initialised
UnityEngine.Debug:ExtractStackTraceNoAlloc (byte*,int,string)
UnityEngine.StackTraceUtility:ExtractStackTrace () (at /Users/bokken/build/output/unity/unity/Runtime/Export/Scripting/StackTrace.cs:37)
UnityEngine.DebugLogHandler:Internal_Log (UnityEngine.LogType,UnityEngine.LogOption,string,UnityEngine.Object)
UnityEngine.DebugLogHandler:LogFormat (UnityEngine.LogType,UnityEngine.Object,string,object[])
UnityEngine.Logger:Log (UnityEngine.LogType,object)
UnityEngine.Debug:Log (object)
RLAgents:Initialize () (at /Users/dev/Maze gen/Assets/Resources/Scripts/RLAgents.cs:44)
Unity.MLAgents.Agent:LazyInitialize () (at ./Library/PackageCache/com.unity.ml-agents@2b4ded88494d/Runtime/Agent.cs:508)
Unity.MLAgents.Agent:OnEnable () (at ./Library/PackageCache/com.unity.ml-agents@2b4ded88494d/Runtime/Agent.cs:409)

(Filename: /Users/dev/Maze gen/Assets/Resources/Scripts/RLAgents.cs Line: 44)

Initialised
UnityEngine.Debug:ExtractStackTraceNoAlloc (byte*,int,string)
UnityEngine.StackTraceUtility:ExtractStackTrace () (at /Users/bokken/build/output/unity/unity/Runtime/Export/Scripting/StackTrace.cs:37)
UnityEngine.DebugLogHandler:Internal_Log (UnityEngine.LogType,UnityEngine.LogOption,string,UnityEngine.Object)
UnityEngine.DebugLogHandler:LogFormat (UnityEngine.LogType,UnityEngine.Object,string,object[])
UnityEngine.Logger:Log (UnityEngine.LogType,object)
UnityEngine.Debug:Log (object)
RLAgents:Initialize () (at /Users/dev/Maze gen/Assets/Resources/Scripts/RLAgents.cs:44)
Unity.MLAgents.Agent:LazyInitialize () (at ./Library/PackageCache/com.unity.ml-agents@2b4ded88494d/Runtime/Agent.cs:508)
Unity.MLAgents.Agent:OnEnable () (at ./Library/PackageCache/com.unity.ml-agents@2b4ded88494d/Runtime/Agent.cs:409)

(Filename: /Users/dev/Maze gen/Assets/Resources/Scripts/RLAgents.cs Line: 44)

Initialised
UnityEngine.Debug:ExtractStackTraceNoAlloc (byte*,int,string)
UnityEngine.StackTraceUtility:ExtractStackTrace () (at /Users/bokken/build/output/unity/unity/Runtime/Export/Scripting/StackTrace.cs:37)
UnityEngine.DebugLogHandler:Internal_Log (UnityEngine.LogType,UnityEngine.LogOption,string,UnityEngine.Object)
UnityEngine.DebugLogHandler:LogFormat (UnityEngine.LogType,UnityEngine.Object,string,object[])
UnityEngine.Logger:Log (UnityEngine.LogType,object)
UnityEngine.Debug:Log (object)
RLAgents:Initialize () (at /Users/dev/Maze gen/Assets/Resources/Scripts/RLAgents.cs:44)
Unity.MLAgents.Agent:LazyInitialize () (at ./Library/PackageCache/com.unity.ml-agents@2b4ded88494d/Runtime/Agent.cs:508)
Unity.MLAgents.Agent:OnEnable () (at ./Library/PackageCache/com.unity.ml-agents@2b4ded88494d/Runtime/Agent.cs:409)

(Filename: /Users/dev/Maze gen/Assets/Resources/Scripts/RLAgents.cs Line: 44)

Initialised
UnityEngine.Debug:ExtractStackTraceNoAlloc (byte*,int,string)
UnityEngine.StackTraceUtility:ExtractStackTrace () (at /Users/bokken/build/output/unity/unity/Runtime/Export/Scripting/StackTrace.cs:37)
UnityEngine.DebugLogHandler:Internal_Log (UnityEngine.LogType,UnityEngine.LogOption,string,UnityEngine.Object)
UnityEngine.DebugLogHandler:LogFormat (UnityEngine.LogType,UnityEngine.Object,string,object[])
UnityEngine.Logger:Log (UnityEngine.LogType,object)
UnityEngine.Debug:Log (object)
RLAgents:Initialize () (at /Users/dev/Maze gen/Assets/Resources/Scripts/RLAgents.cs:44)
Unity.MLAgents.Agent:LazyInitialize () (at ./Library/PackageCache/com.unity.ml-agents@2b4ded88494d/Runtime/Agent.cs:508)
Unity.MLAgents.Agent:OnEnable () (at ./Library/PackageCache/com.unity.ml-agents@2b4ded88494d/Runtime/Agent.cs:409)

(Filename: /Users/dev/Maze gen/Assets/Resources/Scripts/RLAgents.cs Line: 44)

Initialised
UnityEngine.Debug:ExtractStackTraceNoAlloc (byte*,int,string)
UnityEngine.StackTraceUtility:ExtractStackTrace () (at /Users/bokken/build/output/unity/unity/Runtime/Export/Scripting/StackTrace.cs:37)
UnityEngine.DebugLogHandler:Internal_Log (UnityEngine.LogType,UnityEngine.LogOption,string,UnityEngine.Object)
UnityEngine.DebugLogHandler:LogFormat (UnityEngine.LogType,UnityEngine.Object,string,object[])
UnityEngine.Logger:Log (UnityEngine.LogType,object)
UnityEngine.Debug:Log (object)
RLAgents:Initialize () (at /Users/dev/Maze gen/Assets/Resources/Scripts/RLAgents.cs:44)
Unity.MLAgents.Agent:LazyInitialize () (at ./Library/PackageCache/com.unity.ml-agents@2b4ded88494d/Runtime/Agent.cs:508)
Unity.MLAgents.Agent:OnEnable () (at ./Library/PackageCache/com.unity.ml-agents@2b4ded88494d/Runtime/Agent.cs:409)

(Filename: /Users/dev/Maze gen/Assets/Resources/Scripts/RLAgents.cs Line: 44)

RenderGraph is now enabled.
UnityEngine.Debug:ExtractStackTraceNoAlloc (byte*,int,string)
UnityEngine.StackTraceUtility:ExtractStackTrace () (at /Users/bokken/build/output/unity/unity/Runtime/Export/Scripting/StackTrace.cs:37)
UnityEngine.DebugLogHandler:Internal_Log (UnityEngine.LogType,UnityEngine.LogOption,string,UnityEngine.Object)
UnityEngine.DebugLogHandler:LogFormat (UnityEngine.LogType,UnityEngine.Object,string,object[])
UnityEngine.Logger:Log (UnityEngine.LogType,object)
UnityEngine.Debug:Log (object)
UnityEngine.Rendering.Universal.UniversalRenderPipeline:.ctor (UnityEngine.Rendering.Universal.UniversalRenderPipelineAsset) (at ./Library/PackageCache/com.unity.render-pipelines.universal@a394fe607f89/Runtime/UniversalRenderPipeline.cs:259)
UnityEngine.Rendering.Universal.UniversalRenderPipelineAsset:CreatePipeline () (at ./Library/PackageCache/com.unity.render-pipelines.universal@a394fe607f89/Runtime/Data/UniversalRenderPipelineAsset.cs:799)
UnityEngine.Rendering.RenderPipelineAsset:InternalCreatePipeline () (at /Users/bokken/build/output/unity/unity/Runtime/Export/RenderPipeline/RenderPipelineAsset.cs:15)
UnityEngine.Rendering.RenderPipelineManager:TryPrepareRenderPipeline (UnityEngine.Rendering.RenderPipelineAsset) (at /Users/bokken/build/output/unity/unity/Runtime/Export/RenderPipeline/RenderPipelineManager.cs:165)
UnityEngine.Rendering.RenderPipelineManager:DoRenderLoop_Internal (UnityEngine.Rendering.RenderPipelineAsset,intptr,UnityEngine.Object) (at /Users/bokken/build/output/unity/unity/Runtime/Export/RenderPipeline/RenderPipelineManager.cs:139)

(Filename: ./Library/PackageCache/com.unity.render-pipelines.universal@a394fe607f89/Runtime/UniversalRenderPipeline.cs Line: 259)

[Physics::Module] Cleanup current backned.
[Physics::Module] Id: 0xf2b8ea05
Input System module state changed to: ShutdownInProgress.
Input System polling thread exited.
Input System module state changed to: Shutdown.
GarbageCollector disposing of ComputeBuffer. Please use ComputeBuffer.Release() or .Dispose() to manually release the buffer.
PlayerConnection::Cleanup##utp:{"type":"MemoryLeaks","version":2,"phase":"Immediate","time":1741910014676,"processId":87066,"allocatedMemory":3417158,"memoryLabels":[{"Default":13761},{"Permanent":1352},{"NewDelete":1079619},{"Thread":36088},{"Manager":21647},{"VertexData":8},{"Geometry":408},{"Texture":16},{"Shader":77716},{"Material":24},{"GfxDevice":38788},{"GfxThread":504},{"Animation":328},{"Audio":3960},{"FontEngine":272},{"Physics":928},{"Serialization":656},{"Input":8952},{"JobScheduler":33176},{"TextLib":32},{"Mono":32},{"ScriptingNativeRuntime":128},{"BaseObject":1609088},{"Resource":464},{"Renderer":2944},{"Transform":4654},{"File":688},{"WebCam":32},{"Culling":32},{"Terrain":11250},{"Wind":24},{"String":2852},{"DynamicArray":31468},{"HashMap":10240},{"Utility":284600},{"PoolAlloc":1728},{"TypeTree":4688},{"ScriptManager":64},{"RuntimeInitializeOnLoadManager":64},{"SpriteAtlas":112},{"GI":7272},{"Director":8024},{"WebRequest":776},{"VR":45401},{"SceneManager":360},{"Video":1056},{"LazyScriptCache":32},{"NativeArray":656},{"Camera":9},{"Secure":1},{"SerializationCache":1576},{"APIUpdating":10320},{"Subsystems":336},{"VirtualTexturing":57496},{"Baselib":16},{"Hierarchy":256},{"Gui":32},{"CoreBusinessMetrics":120},{"AssetReference":32}]}
